<?xml version="1.0" encoding="UTF-8"?>
<!-- Generated by org.testng.reporters.JUnitReportReporter -->
<testsuite hostname="DESKTOP-RJ6DHNB" failures="0" tests="1" name="Lambda" time="0.016" errors="0" timestamp="17 Dec 2019 02:15:44 GMT" skipped="0">
  <testcase classname="Lambda" name="setUp" time="0.016"/>
</testsuite> <!-- Lambda -->
